mode: set
sereni-antivirus/internal/config/config.go:34.30,35.40 1 1
sereni-antivirus/internal/config/config.go:35.40,37.3 1 1
sereni-antivirus/internal/config/config.go:39.2,50.8 1 1
sereni-antivirus/internal/config/config.go:53.44,54.48 1 1
sereni-antivirus/internal/config/config.go:54.48,56.3 1 1
sereni-antivirus/internal/config/config.go:57.2,57.19 1 1
sereni-antivirus/internal/config/config.go:60.50,62.54 2 1
sereni-antivirus/internal/config/config.go:62.54,64.3 1 1
sereni-antivirus/internal/config/config.go:65.2,65.19 1 1
sereni-antivirus/internal/handlers/scan_handler.go:19.91,21.2 1 1
sereni-antivirus/internal/handlers/scan_handler.go:34.48,37.16 3 1
sereni-antivirus/internal/handlers/scan_handler.go:37.16,38.40 1 1
sereni-antivirus/internal/handlers/scan_handler.go:38.40,40.4 1 0
sereni-antivirus/internal/handlers/scan_handler.go:41.3,42.9 2 1
sereni-antivirus/internal/handlers/scan_handler.go:44.2,47.39 3 1
sereni-antivirus/internal/handlers/scan_handler.go:47.39,50.3 2 1
sereni-antivirus/internal/handlers/scan_handler.go:52.2,52.42 1 1
sereni-antivirus/internal/handlers/scan_handler.go:52.42,55.3 2 1
sereni-antivirus/internal/handlers/scan_handler.go:57.2,57.31 1 1
sereni-antivirus/internal/handlers/scan_handler.go:71.49,74.16 3 1
sereni-antivirus/internal/handlers/scan_handler.go:74.16,75.40 1 1
sereni-antivirus/internal/handlers/scan_handler.go:75.40,77.4 1 0
sereni-antivirus/internal/handlers/scan_handler.go:78.3,79.9 2 1
sereni-antivirus/internal/handlers/scan_handler.go:81.2,82.21 2 1
sereni-antivirus/internal/handlers/scan_handler.go:82.21,85.3 2 1
sereni-antivirus/internal/handlers/scan_handler.go:87.2,88.16 2 1
sereni-antivirus/internal/handlers/scan_handler.go:88.16,91.3 2 1
sereni-antivirus/internal/handlers/scan_handler.go:93.2,93.32 1 1
sereni-antivirus/internal/handlers/scan_handler.go:96.56,97.27 1 1
sereni-antivirus/internal/handlers/scan_handler.go:97.27,99.3 1 1
sereni-antivirus/internal/handlers/scan_handler.go:100.2,100.82 1 1
sereni-antivirus/internal/handlers/scan_handler.go:103.79,104.65 1 1
sereni-antivirus/internal/handlers/scan_handler.go:104.65,107.3 2 1
sereni-antivirus/internal/handlers/scan_handler.go:108.2,108.14 1 1
sereni-antivirus/internal/providers/antivirus/factory.go:14.77,15.37 1 1
sereni-antivirus/internal/providers/antivirus/factory.go:16.16,20.5 1 1
sereni-antivirus/internal/providers/antivirus/factory.go:21.10,22.73 1 1
sereni-antivirus/internal/providers/antivirus/clamav/clamav.go:36.41,37.23 1 1
sereni-antivirus/internal/providers/antivirus/clamav/clamav.go:37.23,39.3 1 1
sereni-antivirus/internal/providers/antivirus/clamav/clamav.go:40.2,40.29 1 1
sereni-antivirus/internal/providers/antivirus/clamav/clamav.go:40.29,42.3 1 1
sereni-antivirus/internal/providers/antivirus/clamav/clamav.go:44.2,45.46 2 1
sereni-antivirus/internal/providers/antivirus/clamav/clamav.go:49.62,51.2 1 1
sereni-antivirus/internal/providers/antivirus/clamav/clamav.go:54.52,56.2 1 1
sereni-antivirus/internal/providers/antivirus/clamav/clamav.go:59.113,64.16 4 1
sereni-antivirus/internal/providers/antivirus/clamav/clamav.go:64.16,70.3 1 1
sereni-antivirus/internal/providers/antivirus/clamav/clamav.go:72.2,72.37 1 1
sereni-antivirus/internal/providers/antivirus/clamav/clamav.go:72.37,73.28 1 1
sereni-antivirus/internal/providers/antivirus/clamav/clamav.go:74.21,80.10 1 1
sereni-antivirus/internal/providers/antivirus/clamav/clamav.go:81.24,86.10 1 1
sereni-antivirus/internal/providers/antivirus/clamav/clamav.go:87.47,92.82 1 1
sereni-antivirus/internal/providers/antivirus/clamav/clamav.go:96.2,100.51 1 0
sereni-antivirus/internal/routes/routes.go:14.65,23.2 5 1
sereni-antivirus/internal/services/antivirus_service.go:27.73,31.2 1 1
sereni-antivirus/internal/services/antivirus_service.go:33.118,35.2 1 1
sereni-antivirus/internal/services/antivirus_service.go:37.123,39.16 2 1
sereni-antivirus/internal/services/antivirus_service.go:39.16,41.3 1 1
sereni-antivirus/internal/services/antivirus_service.go:43.2,60.22 8 1
sereni-antivirus/internal/services/antivirus_service.go:60.22,62.3 1 0
sereni-antivirus/internal/services/antivirus_service.go:63.2,63.25 1 1
sereni-antivirus/internal/services/antivirus_service.go:63.25,65.3 1 1
sereni-antivirus/internal/services/antivirus_service.go:67.2,68.19 2 1
sereni-antivirus/internal/services/antivirus_service.go:68.19,70.26 2 1
sereni-antivirus/internal/services/antivirus_service.go:70.26,72.4 1 1
sereni-antivirus/internal/services/antivirus_service.go:74.2,74.35 1 1
sereni-antivirus/internal/services/antivirus_service.go:74.35,77.3 2 1
sereni-antivirus/internal/services/antivirus_service.go:79.2,79.12 1 1
sereni-antivirus/internal/services/antivirus_service.go:79.12,82.3 2 1
sereni-antivirus/internal/services/antivirus_service.go:84.2,84.33 1 1
sereni-antivirus/internal/services/antivirus_service.go:84.33,86.3 1 1
sereni-antivirus/internal/services/antivirus_service.go:87.2,89.33 2 1
sereni-antivirus/internal/services/antivirus_service.go:89.33,91.3 1 1
sereni-antivirus/internal/services/antivirus_service.go:93.2,93.38 1 1
sereni-antivirus/internal/services/antivirus_service.go:104.3,112.16 4 1
sereni-antivirus/internal/services/antivirus_service.go:112.16,120.3 3 0
sereni-antivirus/internal/services/antivirus_service.go:121.2,123.36 3 1
sereni-antivirus/internal/services/antivirus_service.go:123.36,125.3 1 0
sereni-antivirus/internal/services/antivirus_service.go:126.2,126.16 1 1
sereni-antivirus/internal/services/antivirus_service.go:126.16,128.3 1 1
sereni-antivirus/internal/services/antivirus_service.go:129.2,131.16 3 1
sereni-antivirus/internal/services/antivirus_service.go:139.4,140.24 1 1
sereni-antivirus/internal/services/antivirus_service.go:140.24,142.3 1 1
sereni-antivirus/internal/services/antivirus_service.go:143.2,143.42 1 1
