mode: set
github.com/aptlogica/sereni-antivirus-clamav/docs/docs.go:160.13,162.2 1 1
github.com/aptlogica/sereni-antivirus-clamav/internal/config/config.go:40.30,41.40 1 1
github.com/aptlogica/sereni-antivirus-clamav/internal/config/config.go:41.40,43.3 1 1
github.com/aptlogica/sereni-antivirus-clamav/internal/config/config.go:45.2,57.8 1 1
github.com/aptlogica/sereni-antivirus-clamav/internal/config/config.go:60.44,61.48 1 1
github.com/aptlogica/sereni-antivirus-clamav/internal/config/config.go:61.48,63.3 1 1
github.com/aptlogica/sereni-antivirus-clamav/internal/config/config.go:64.2,64.19 1 1
github.com/aptlogica/sereni-antivirus-clamav/internal/config/config.go:67.50,69.54 2 1
github.com/aptlogica/sereni-antivirus-clamav/internal/config/config.go:69.54,71.3 1 1
github.com/aptlogica/sereni-antivirus-clamav/internal/config/config.go:72.2,72.19 1 1
github.com/aptlogica/sereni-antivirus-clamav/internal/handlers/scan_handler.go:24.91,26.2 1 1
github.com/aptlogica/sereni-antivirus-clamav/internal/handlers/scan_handler.go:39.48,42.16 3 1
github.com/aptlogica/sereni-antivirus-clamav/internal/handlers/scan_handler.go:42.16,43.40 1 1
github.com/aptlogica/sereni-antivirus-clamav/internal/handlers/scan_handler.go:43.40,45.4 1 0
github.com/aptlogica/sereni-antivirus-clamav/internal/handlers/scan_handler.go:46.3,47.9 2 1
github.com/aptlogica/sereni-antivirus-clamav/internal/handlers/scan_handler.go:49.2,52.39 3 1
github.com/aptlogica/sereni-antivirus-clamav/internal/handlers/scan_handler.go:52.39,55.3 2 1
github.com/aptlogica/sereni-antivirus-clamav/internal/handlers/scan_handler.go:57.2,57.42 1 1
github.com/aptlogica/sereni-antivirus-clamav/internal/handlers/scan_handler.go:57.42,60.3 2 1
github.com/aptlogica/sereni-antivirus-clamav/internal/handlers/scan_handler.go:62.2,62.31 1 1
github.com/aptlogica/sereni-antivirus-clamav/internal/handlers/scan_handler.go:76.49,79.16 3 1
github.com/aptlogica/sereni-antivirus-clamav/internal/handlers/scan_handler.go:79.16,80.40 1 1
github.com/aptlogica/sereni-antivirus-clamav/internal/handlers/scan_handler.go:80.40,82.4 1 0
github.com/aptlogica/sereni-antivirus-clamav/internal/handlers/scan_handler.go:83.3,84.9 2 1
github.com/aptlogica/sereni-antivirus-clamav/internal/handlers/scan_handler.go:86.2,87.21 2 1
github.com/aptlogica/sereni-antivirus-clamav/internal/handlers/scan_handler.go:87.21,90.3 2 1
github.com/aptlogica/sereni-antivirus-clamav/internal/handlers/scan_handler.go:92.2,93.16 2 1
github.com/aptlogica/sereni-antivirus-clamav/internal/handlers/scan_handler.go:93.16,96.3 2 1
github.com/aptlogica/sereni-antivirus-clamav/internal/handlers/scan_handler.go:98.2,98.32 1 1
github.com/aptlogica/sereni-antivirus-clamav/internal/handlers/scan_handler.go:101.56,102.27 1 1
github.com/aptlogica/sereni-antivirus-clamav/internal/handlers/scan_handler.go:102.27,104.3 1 1
github.com/aptlogica/sereni-antivirus-clamav/internal/handlers/scan_handler.go:105.2,105.82 1 1
github.com/aptlogica/sereni-antivirus-clamav/internal/handlers/scan_handler.go:108.79,109.65 1 1
github.com/aptlogica/sereni-antivirus-clamav/internal/handlers/scan_handler.go:109.65,112.3 2 1
github.com/aptlogica/sereni-antivirus-clamav/internal/handlers/scan_handler.go:113.2,113.14 1 1
github.com/aptlogica/sereni-antivirus-clamav/internal/providers/antivirus/factory.go:19.77,20.37 1 1
github.com/aptlogica/sereni-antivirus-clamav/internal/providers/antivirus/factory.go:21.16,25.5 1 1
github.com/aptlogica/sereni-antivirus-clamav/internal/providers/antivirus/factory.go:26.10,27.73 1 1
github.com/aptlogica/sereni-antivirus-clamav/internal/providers/antivirus/clamav/clamav.go:41.41,42.23 1 1
github.com/aptlogica/sereni-antivirus-clamav/internal/providers/antivirus/clamav/clamav.go:42.23,44.3 1 1
github.com/aptlogica/sereni-antivirus-clamav/internal/providers/antivirus/clamav/clamav.go:45.2,45.29 1 1
github.com/aptlogica/sereni-antivirus-clamav/internal/providers/antivirus/clamav/clamav.go:45.29,47.3 1 1
github.com/aptlogica/sereni-antivirus-clamav/internal/providers/antivirus/clamav/clamav.go:49.2,50.46 2 1
github.com/aptlogica/sereni-antivirus-clamav/internal/providers/antivirus/clamav/clamav.go:54.62,56.2 1 1
github.com/aptlogica/sereni-antivirus-clamav/internal/providers/antivirus/clamav/clamav.go:59.52,61.2 1 1
github.com/aptlogica/sereni-antivirus-clamav/internal/providers/antivirus/clamav/clamav.go:64.113,69.16 4 1
github.com/aptlogica/sereni-antivirus-clamav/internal/providers/antivirus/clamav/clamav.go:69.16,75.3 1 1
github.com/aptlogica/sereni-antivirus-clamav/internal/providers/antivirus/clamav/clamav.go:77.2,77.37 1 1
github.com/aptlogica/sereni-antivirus-clamav/internal/providers/antivirus/clamav/clamav.go:77.37,78.28 1 1
github.com/aptlogica/sereni-antivirus-clamav/internal/providers/antivirus/clamav/clamav.go:79.21,85.10 1 1
github.com/aptlogica/sereni-antivirus-clamav/internal/providers/antivirus/clamav/clamav.go:86.24,91.10 1 1
github.com/aptlogica/sereni-antivirus-clamav/internal/providers/antivirus/clamav/clamav.go:92.47,97.82 1 1
github.com/aptlogica/sereni-antivirus-clamav/internal/providers/antivirus/clamav/clamav.go:101.2,105.51 1 0
github.com/aptlogica/sereni-antivirus-clamav/internal/routes/routes.go:24.65,29.26 3 1
github.com/aptlogica/sereni-antivirus-clamav/internal/routes/routes.go:29.26,31.3 1 1
github.com/aptlogica/sereni-antivirus-clamav/internal/routes/routes.go:33.2,34.27 2 1
github.com/aptlogica/sereni-antivirus-clamav/internal/routes/routes.go:34.27,36.3 1 1
github.com/aptlogica/sereni-antivirus-clamav/internal/routes/routes.go:36.8,38.3 1 0
github.com/aptlogica/sereni-antivirus-clamav/internal/routes/routes.go:39.2,49.10 8 1
github.com/aptlogica/sereni-antivirus-clamav/internal/services/antivirus_service.go:32.73,36.2 1 1
github.com/aptlogica/sereni-antivirus-clamav/internal/services/antivirus_service.go:38.118,40.2 1 1
github.com/aptlogica/sereni-antivirus-clamav/internal/services/antivirus_service.go:42.123,44.16 2 1
github.com/aptlogica/sereni-antivirus-clamav/internal/services/antivirus_service.go:44.16,46.3 1 1
github.com/aptlogica/sereni-antivirus-clamav/internal/services/antivirus_service.go:48.2,65.22 8 1
github.com/aptlogica/sereni-antivirus-clamav/internal/services/antivirus_service.go:65.22,67.3 1 0
github.com/aptlogica/sereni-antivirus-clamav/internal/services/antivirus_service.go:68.2,68.25 1 1
github.com/aptlogica/sereni-antivirus-clamav/internal/services/antivirus_service.go:68.25,70.3 1 1
github.com/aptlogica/sereni-antivirus-clamav/internal/services/antivirus_service.go:72.2,73.19 2 1
github.com/aptlogica/sereni-antivirus-clamav/internal/services/antivirus_service.go:73.19,75.26 2 1
github.com/aptlogica/sereni-antivirus-clamav/internal/services/antivirus_service.go:75.26,77.4 1 1
github.com/aptlogica/sereni-antivirus-clamav/internal/services/antivirus_service.go:79.2,79.35 1 1
github.com/aptlogica/sereni-antivirus-clamav/internal/services/antivirus_service.go:79.35,82.3 2 1
github.com/aptlogica/sereni-antivirus-clamav/internal/services/antivirus_service.go:84.2,84.12 1 1
github.com/aptlogica/sereni-antivirus-clamav/internal/services/antivirus_service.go:84.12,87.3 2 1
github.com/aptlogica/sereni-antivirus-clamav/internal/services/antivirus_service.go:89.2,89.33 1 1
github.com/aptlogica/sereni-antivirus-clamav/internal/services/antivirus_service.go:89.33,91.3 1 1
github.com/aptlogica/sereni-antivirus-clamav/internal/services/antivirus_service.go:92.2,94.33 2 1
github.com/aptlogica/sereni-antivirus-clamav/internal/services/antivirus_service.go:94.33,96.3 1 1
github.com/aptlogica/sereni-antivirus-clamav/internal/services/antivirus_service.go:98.2,98.38 1 1
github.com/aptlogica/sereni-antivirus-clamav/internal/services/antivirus_service.go:109.3,117.16 4 1
github.com/aptlogica/sereni-antivirus-clamav/internal/services/antivirus_service.go:117.16,125.3 3 0
github.com/aptlogica/sereni-antivirus-clamav/internal/services/antivirus_service.go:126.2,128.36 3 1
github.com/aptlogica/sereni-antivirus-clamav/internal/services/antivirus_service.go:128.36,130.3 1 0
github.com/aptlogica/sereni-antivirus-clamav/internal/services/antivirus_service.go:131.2,131.16 1 1
github.com/aptlogica/sereni-antivirus-clamav/internal/services/antivirus_service.go:131.16,133.3 1 1
github.com/aptlogica/sereni-antivirus-clamav/internal/services/antivirus_service.go:134.2,136.16 3 1
github.com/aptlogica/sereni-antivirus-clamav/internal/services/antivirus_service.go:144.4,145.24 1 1
github.com/aptlogica/sereni-antivirus-clamav/internal/services/antivirus_service.go:145.24,147.3 1 1
github.com/aptlogica/sereni-antivirus-clamav/internal/services/antivirus_service.go:148.2,148.42 1 1
